<?xml version="1.0" encoding="UTF-8"?>
<!-- Generated by org.testng.reporters.JUnitXMLReporter -->
<testsuite ignored="5" hostname="LAPTOP-M5JHVHLN" failures="0" tests="11" name="Test" time="99.241" errors="0" timestamp="2022-03-16T16:48:38 IST">
  <testcase classname="com.studennrol.testscripts.LoginPageTest" name="verifyValidLogin" time="9.742"/>
  <testcase classname="com.studennrol.testscripts.ApprovalPageTest" name="verifyPageUrl" time="5.24"/>
  <testcase classname="com.studennrol.testscripts.ApprovalPageTest" name="approveBtnverify" time="6.132"/>
  <testcase classname="com.studennrol.testscripts.ApprovalPageTest" name="deleteBtnVerify" time="6.174"/>
  <testcase classname="com.studennrol.testscripts.EmployeesPageTest" name="verifyEmployeesPage" time="6.256"/>
  <testcase classname="com.studennrol.testscripts.EmployeesPageTest" name="deleteBtnVerify" time="6.482"/>
  <testcase classname="com.studennrol.testscripts.EmployeesPageTest" name="editBtnVerify" time="6.191"/>
  <testcase classname="com.studennrol.testscripts.EmployeeUpdatePageTest" name="verrifyPageUrl" time="3.047"/>
  <testcase classname="com.studennrol.testscripts.EmployeeUpdatePageTest" name="updateBtnVerifyRollnull" time="13.305"/>
  <testcase classname="com.studennrol.testscripts.SearchPageTest" name="verifysearchUrl" time="3.39"/>
  <testcase classname="com.studennrol.testscripts.LogoutPageTest" name="verifyBtnVisibility" time="3.397"/>
  <testcase classname="com.studenrol.testbase.TestBase" name="@BeforeTest onSetup" time="0.0">
    <ignored/>
  </testcase> <!-- @BeforeTest onSetup -->
  <testcase classname="com.studenrol.testbase.TestBase" name="@BeforeTest onSetup" time="0.0">
    <ignored/>
  </testcase> <!-- @BeforeTest onSetup -->
  <testcase classname="com.studenrol.testbase.TestBase" name="@BeforeTest onSetup" time="0.0">
    <ignored/>
  </testcase> <!-- @BeforeTest onSetup -->
  <testcase classname="com.studenrol.testbase.TestBase" name="@BeforeTest onSetup" time="0.0">
    <ignored/>
  </testcase> <!-- @BeforeTest onSetup -->
  <testcase classname="com.studenrol.testbase.TestBase" name="@BeforeTest onSetup" time="0.0">
    <ignored/>
  </testcase> <!-- @BeforeTest onSetup -->
</testsuite> <!-- Test -->
